<?xml version="1.0" encoding="UTF-8"?>
<testng-results ignored="0" total="1" passed="1" failed="0" skipped="0">
  <reporter-output>
  </reporter-output>
  <suite started-at="2018-05-21T03:40:06Z" name="Default suite" finished-at="2018-05-21T03:40:36Z" duration-ms="29443">
    <groups>
    </groups>
    <test started-at="2018-05-21T03:40:06Z" name="Default test" finished-at="2018-05-21T03:40:36Z" duration-ms="29443">
      <class name="dd_excel.PropertyFileIO">
        <test-method is-config="true" signature="beforeTest()[pri:0, instance:dd_excel.PropertyFileIO@5403f35f]" started-at="2018-05-21T03:40:06Z" name="beforeTest" finished-at="2018-05-21T03:40:32Z" duration-ms="25720" status="PASS">
          <reporter-output>
          </reporter-output>
        </test-method> <!-- beforeTest -->
        <test-method signature="Read()[pri:0, instance:dd_excel.PropertyFileIO@5403f35f]" started-at="2018-05-21T03:40:32Z" name="Read" description="Read obj data from Prop file" finished-at="2018-05-21T03:40:35Z" duration-ms="3707" status="PASS">
          <reporter-output>
          </reporter-output>
        </test-method> <!-- Read -->
        <test-method is-config="true" signature="afterTest()[pri:0, instance:dd_excel.PropertyFileIO@5403f35f]" started-at="2018-05-21T03:40:36Z" name="afterTest" finished-at="2018-05-21T03:40:36Z" duration-ms="0" status="PASS">
          <reporter-output>
          </reporter-output>
        </test-method> <!-- afterTest -->
      </class> <!-- dd_excel.PropertyFileIO -->
    </test> <!-- Default test -->
  </suite> <!-- Default suite -->
</testng-results>
